<?xml version="1.0" encoding="UTF-8"?>
<!-- Generated by org.testng.reporters.JUnitXMLReporter -->
<testsuite hostname="LAPTOP-F6J5NTAK" ignored="0" name="Default test" tests="22" failures="1" timestamp="2021-10-22T14:17:26 IST" time="79.795" errors="0">
  <testcase name="handlingPopup" time="1.549" classname="com.testCases.RoundTripTest"/>
  <testcase name="selectReturn" time="0.537" classname="com.testCases.RoundTripTest"/>
  <testcase name="selectFromCity" time="4.597" classname="com.testCases.RoundTripTest"/>
  <testcase name="selectToCity" time="4.111" classname="com.testCases.RoundTripTest"/>
  <testcase name="departureOption" time="0.335" classname="com.testCases.RoundTripTest"/>
  <testcase name="returnOption" time="0.978" classname="com.testCases.RoundTripTest"/>
  <testcase name="travellers" time="2.692" classname="com.testCases.RoundTripTest"/>
  <testcase name="clickSearch" time="7.793" classname="com.testCases.RoundTripTest"/>
  <testcase name="closePopup" time="0.558" classname="com.testCases.RoundTripTest"/>
  <testcase name="popularFiltersSelect" time="0.635" classname="com.testCases.RoundTripTest"/>
  <testcase name="bookingFlight" time="1.3" classname="com.testCases.RoundTripTest"/>
  <testcase name="handlingWindows" time="0.092" classname="com.testCases.RoundTripTest"/>
  <testcase name="pageSelection1" time="2.888" classname="com.testCases.RoundTripTest"/>
  <testcase name="passengerDetails" time="7.473" classname="com.testCases.RoundTripTest"/>
  <testcase name="confirmProceedClick" time="2.083" classname="com.testCases.RoundTripTest"/>
  <testcase name="rarePopupHandling" time="0.295" classname="com.testCases.RoundTripTest"/>
  <testcase name="selectingSeats" time="5.905" classname="com.testCases.RoundTripTest"/>
  <testcase name="proceedToPay" time="0.294" classname="com.testCases.RoundTripTest"/>
  <testcase name="pageSelection2" time="16.879" classname="com.testCases.RoundTripTest">
    <failure type="java.lang.AssertionError" message="Not In Page two">
      <![CDATA[java.lang.AssertionError: Not In Page two
at org.testng.Assert.fail(Assert.java:99)
at com.testCases.RoundTripTest.pageSelection2(RoundTripTest.java:439)
at sun.reflect.NativeMethodAccessorImpl.invoke0(Native Method)
at sun.reflect.NativeMethodAccessorImpl.invoke(Unknown Source)
at sun.reflect.DelegatingMethodAccessorImpl.invoke(Unknown Source)
at java.lang.reflect.Method.invoke(Unknown Source)
at org.testng.internal.MethodInvocationHelper.invokeMethod(MethodInvocationHelper.java:133)
at org.testng.internal.TestInvoker.invokeMethod(TestInvoker.java:598)
at org.testng.internal.TestInvoker.invokeTestMethod(TestInvoker.java:173)
at org.testng.internal.MethodRunner.runInSequence(MethodRunner.java:46)
at org.testng.internal.TestInvoker$MethodInvocationAgent.invoke(TestInvoker.java:824)
at org.testng.internal.TestInvoker.invokeTestMethods(TestInvoker.java:146)
at org.testng.internal.TestMethodWorker.invokeTestMethods(TestMethodWorker.java:146)
at org.testng.internal.TestMethodWorker.run(TestMethodWorker.java:128)
at java.util.ArrayList.forEach(Unknown Source)
at org.testng.TestRunner.privateRun(TestRunner.java:794)
at org.testng.TestRunner.run(TestRunner.java:596)
at org.testng.SuiteRunner.runTest(SuiteRunner.java:377)
at org.testng.SuiteRunner.runSequentially(SuiteRunner.java:371)
at org.testng.SuiteRunner.privateRun(SuiteRunner.java:332)
at org.testng.SuiteRunner.run(SuiteRunner.java:276)
at org.testng.SuiteRunnerWorker.runSuite(SuiteRunnerWorker.java:53)
at org.testng.SuiteRunnerWorker.run(SuiteRunnerWorker.java:96)
at org.testng.TestNG.runSuitesSequentially(TestNG.java:1212)
at org.testng.TestNG.runSuitesLocally(TestNG.java:1134)
at org.testng.TestNG.runSuites(TestNG.java:1063)
at org.testng.TestNG.run(TestNG.java:1031)
at org.testng.remote.AbstractRemoteTestNG.run(AbstractRemoteTestNG.java:115)
at org.testng.remote.RemoteTestNG.initAndRun(RemoteTestNG.java:251)
at org.testng.remote.RemoteTestNG.main(RemoteTestNG.java:77)
]]>
    </failure>
  </testcase> <!-- pageSelection2 -->
  <testcase name="proceed" time="0.0" classname="com.testCases.RoundTripTest">
    <skipped/>
  </testcase> <!-- proceed -->
  <testcase name="inputDetails" time="0.0" classname="com.testCases.RoundTripTest">
    <skipped/>
  </testcase> <!-- inputDetails -->
  <testcase name="confirmDetails" time="0.0" classname="com.testCases.RoundTripTest">
    <skipped/>
  </testcase> <!-- confirmDetails -->
</testsuite> <!-- Default test -->
