<?xml version="1.0" encoding="UTF-8"?>
<!-- Generated by org.testng.reporters.JUnitReportReporter -->
<testsuite skipped="3" hostname="LAPTOP-F6J5NTAK" name="com.testCases.RoundTripTest" tests="22" failures="1" timestamp="2021-10-22T14:17:26 IST" time="69.907" errors="0">
  <testcase name="handlingPopup" time="1.855" classname="com.testCases.RoundTripTest"/>
  <system-out/>
  <testcase name="selectReturn" time="0.975" classname="com.testCases.RoundTripTest"/>
  <system-out/>
  <testcase name="selectFromCity" time="5.042" classname="com.testCases.RoundTripTest"/>
  <system-out/>
  <testcase name="selectToCity" time="4.413" classname="com.testCases.RoundTripTest"/>
  <system-out/>
  <testcase name="departureOption" time="0.739" classname="com.testCases.RoundTripTest"/>
  <system-out/>
  <testcase name="returnOption" time="1.274" classname="com.testCases.RoundTripTest"/>
  <system-out/>
  <testcase name="travellers" time="2.990" classname="com.testCases.RoundTripTest"/>
  <system-out/>
  <testcase name="clickSearch" time="8.149" classname="com.testCases.RoundTripTest"/>
  <system-out/>
  <testcase name="closePopup" time="0.893" classname="com.testCases.RoundTripTest"/>
  <system-out/>
  <testcase name="popularFiltersSelect" time="1.018" classname="com.testCases.RoundTripTest"/>
  <system-out/>
  <testcase name="bookingFlight" time="1.637" classname="com.testCases.RoundTripTest"/>
  <system-out/>
  <testcase name="handlingWindows" time="1.413" classname="com.testCases.RoundTripTest"/>
  <system-out/>
  <testcase name="pageSelection1" time="3.884" classname="com.testCases.RoundTripTest"/>
  <system-out/>
  <testcase name="passengerDetails" time="7.670" classname="com.testCases.RoundTripTest"/>
  <system-out/>
  <testcase name="confirmProceedClick" time="2.433" classname="com.testCases.RoundTripTest"/>
  <system-out/>
  <testcase name="rarePopupHandling" time="0.726" classname="com.testCases.RoundTripTest"/>
  <system-out/>
  <testcase name="selectingSeats" time="6.332" classname="com.testCases.RoundTripTest"/>
  <system-out/>
  <testcase name="proceedToPay" time="0.776" classname="com.testCases.RoundTripTest"/>
  <system-out/>
  <testcase name="pageSelection2" time="17.688" classname="com.testCases.RoundTripTest">
    <failure type="java.lang.AssertionError" message="Not In Page two">
      <![CDATA[java.lang.AssertionError: Not In Page two
at org.testng.Assert.fail(Assert.java:99)
at com.testCases.RoundTripTest.pageSelection2(RoundTripTest.java:439)
at sun.reflect.NativeMethodAccessorImpl.invoke0(Native Method)
at sun.reflect.NativeMethodAccessorImpl.invoke(Unknown Source)
at sun.reflect.DelegatingMethodAccessorImpl.invoke(Unknown Source)
at java.lang.reflect.Method.invoke(Unknown Source)
at org.testng.internal.MethodInvocationHelper.invokeMethod(MethodInvocationHelper.java:133)
at org.testng.internal.TestInvoker.invokeMethod(TestInvoker.java:598)
at org.testng.internal.TestInvoker.invokeTestMethod(TestInvoker.java:173)
at org.testng.internal.MethodRunner.runInSequence(MethodRunner.java:46)
at org.testng.internal.TestInvoker$MethodInvocationAgent.invoke(TestInvoker.java:824)
at org.testng.internal.TestInvoker.invokeTestMethods(TestInvoker.java:146)
at org.testng.internal.TestMethodWorker.invokeTestMethods(TestMethodWorker.java:146)
at org.testng.internal.TestMethodWorker.run(TestMethodWorker.java:128)
at java.util.ArrayList.forEach(Unknown Source)
at org.testng.TestRunner.privateRun(TestRunner.java:794)
at org.testng.TestRunner.run(TestRunner.java:596)
at org.testng.SuiteRunner.runTest(SuiteRunner.java:377)
at org.testng.SuiteRunner.runSequentially(SuiteRunner.java:371)
at org.testng.SuiteRunner.privateRun(SuiteRunner.java:332)
at org.testng.SuiteRunner.run(SuiteRunner.java:276)
at org.testng.SuiteRunnerWorker.runSuite(SuiteRunnerWorker.java:53)
at org.testng.SuiteRunnerWorker.run(SuiteRunnerWorker.java:96)
at org.testng.TestNG.runSuitesSequentially(TestNG.java:1212)
at org.testng.TestNG.runSuitesLocally(TestNG.java:1134)
at org.testng.TestNG.runSuites(TestNG.java:1063)
at org.testng.TestNG.run(TestNG.java:1031)
at org.testng.remote.AbstractRemoteTestNG.run(AbstractRemoteTestNG.java:115)
at org.testng.remote.RemoteTestNG.initAndRun(RemoteTestNG.java:251)
at org.testng.remote.RemoteTestNG.main(RemoteTestNG.java:77)
]]>
    </failure>
  </testcase> <!-- pageSelection2 -->
  <system-out>
    <![CDATA[FAIL]]>
  </system-out>
  <testcase name="proceed" time="0.000" classname="com.testCases.RoundTripTest">
    <skipped/>
  </testcase> <!-- proceed -->
  <system-out/>
  <testcase name="inputDetails" time="0.000" classname="com.testCases.RoundTripTest">
    <skipped/>
  </testcase> <!-- inputDetails -->
  <system-out/>
  <testcase name="confirmDetails" time="0.000" classname="com.testCases.RoundTripTest">
    <skipped/>
  </testcase> <!-- confirmDetails -->
  <system-out/>
</testsuite> <!-- com.testCases.RoundTripTest -->
