<?xml version="1.0" encoding="UTF-8"?>
<!-- Generated by org.testng.reporters.JUnitReportReporter -->
<testsuite skipped="5" hostname="LAPTOP-F6J5NTAK" name="com.testCases.OneWayTest" tests="19" failures="1" timestamp="2021-10-21T10:21:58 IST" time="69.127" errors="0">
  <testcase name="loginbtnclick" time="5.321" classname="com.testCases.OneWayTest"/>
  <system-out/>
  <testcase name="selectFromCity" time="3.061" classname="com.testCases.OneWayTest"/>
  <system-out/>
  <testcase name="selectToCity" time="3.842" classname="com.testCases.OneWayTest"/>
  <system-out/>
  <testcase name="departureOption" time="2.626" classname="com.testCases.OneWayTest"/>
  <system-out/>
  <testcase name="clickSearch" time="5.438" classname="com.testCases.OneWayTest"/>
  <system-out/>
  <testcase name="closePopup" time="7.013" classname="com.testCases.OneWayTest"/>
  <system-out/>
  <testcase name="popularFiltersSelect" time="5.549" classname="com.testCases.OneWayTest"/>
  <system-out/>
  <testcase name="checkingFlightDetails" time="0.967" classname="com.testCases.OneWayTest"/>
  <system-out/>
  <testcase name="handlingWindows" time="0.295" classname="com.testCases.OneWayTest"/>
  <system-out/>
  <testcase name="pageSelection1" time="10.351" classname="com.testCases.OneWayTest">
    <failure type="java.lang.AssertionError" message="Booking Page Not Found">
      <![CDATA[java.lang.AssertionError: Booking Page Not Found
at org.testng.Assert.fail(Assert.java:99)
at com.testCases.OneWayTest.pageSelection1(OneWayTest.java:209)
at sun.reflect.NativeMethodAccessorImpl.invoke0(Native Method)
at sun.reflect.NativeMethodAccessorImpl.invoke(Unknown Source)
at sun.reflect.DelegatingMethodAccessorImpl.invoke(Unknown Source)
at java.lang.reflect.Method.invoke(Unknown Source)
at org.testng.internal.MethodInvocationHelper.invokeMethod(MethodInvocationHelper.java:133)
at org.testng.internal.TestInvoker.invokeMethod(TestInvoker.java:598)
at org.testng.internal.TestInvoker.invokeTestMethod(TestInvoker.java:173)
at org.testng.internal.MethodRunner.runInSequence(MethodRunner.java:46)
at org.testng.internal.TestInvoker$MethodInvocationAgent.invoke(TestInvoker.java:824)
at org.testng.internal.TestInvoker.invokeTestMethods(TestInvoker.java:146)
at org.testng.internal.TestMethodWorker.invokeTestMethods(TestMethodWorker.java:146)
at org.testng.internal.TestMethodWorker.run(TestMethodWorker.java:128)
at java.util.ArrayList.forEach(Unknown Source)
at org.testng.TestRunner.privateRun(TestRunner.java:794)
at org.testng.TestRunner.run(TestRunner.java:596)
at org.testng.SuiteRunner.runTest(SuiteRunner.java:377)
at org.testng.SuiteRunner.runSequentially(SuiteRunner.java:371)
at org.testng.SuiteRunner.privateRun(SuiteRunner.java:332)
at org.testng.SuiteRunner.run(SuiteRunner.java:276)
at org.testng.SuiteRunnerWorker.runSuite(SuiteRunnerWorker.java:53)
at org.testng.SuiteRunnerWorker.run(SuiteRunnerWorker.java:96)
at org.testng.TestNG.runSuitesSequentially(TestNG.java:1212)
at org.testng.TestNG.runSuitesLocally(TestNG.java:1134)
at org.testng.TestNG.runSuites(TestNG.java:1063)
at org.testng.TestNG.run(TestNG.java:1031)
at org.testng.remote.AbstractRemoteTestNG.run(AbstractRemoteTestNG.java:115)
at org.testng.remote.RemoteTestNG.initAndRun(RemoteTestNG.java:251)
at org.testng.remote.RemoteTestNG.main(RemoteTestNG.java:77)
]]>
    </failure>
  </testcase> <!-- pageSelection1 -->
  <system-out>
    <![CDATA[FAIL]]>
  </system-out>
  <testcase name="passengerDetails" time="0.234" classname="com.testCases.OneWayTest">
    <skipped/>
  </testcase> <!-- passengerDetails -->
  <system-out/>
  <testcase name="confirmProceedClick" time="0.365" classname="com.testCases.OneWayTest">
    <skipped/>
  </testcase> <!-- confirmProceedClick -->
  <system-out/>
  <testcase name="rarePopupHandling" time="0.351" classname="com.testCases.OneWayTest">
    <skipped/>
  </testcase> <!-- rarePopupHandling -->
  <system-out/>
  <testcase name="selectingSeats" time="0.258" classname="com.testCases.OneWayTest">
    <skipped/>
  </testcase> <!-- selectingSeats -->
  <system-out/>
  <testcase name="proceedToPay" time="0.000" classname="com.testCases.OneWayTest">
    <skipped/>
  </testcase> <!-- proceedToPay -->
  <system-out/>
  <testcase name="pageSelection2" time="4.260" classname="com.testCases.OneWayTest"/>
  <system-out/>
  <testcase name="proceed" time="3.187" classname="com.testCases.OneWayTest"/>
  <system-out/>
  <testcase name="inputDetails" time="3.740" classname="com.testCases.OneWayTest"/>
  <system-out/>
  <testcase name="confirmDetails" time="12.269" classname="com.testCases.OneWayTest"/>
  <system-out>
    <![CDATA[FAIL]]>
  </system-out>
</testsuite> <!-- com.testCases.OneWayTest -->
